<?xml version="1.0" encoding="UTF-8"?>
<!-- Generated by org.testng.reporters.JUnitXMLReporter -->
<testsuite ignored="0" hostname="inbl01lap5380" failures="0" tests="5" name="Test" time="11.846" errors="0" timestamp="2022-02-14T11:41:57 IST">
  <testcase classname="TestCases" name="edit" time="0.669"/>
  <testcase classname="TestCases" name="radio" time="0.061"/>
  <testcase classname="TestCases" name="checkbox" time="0.067"/>
  <testcase classname="TestCases" name="select" time="0.109"/>
  <testcase classname="TestCases" name="button" time="0.112"/>
</testsuite> <!-- Test -->
