<?xml version="1.0" encoding="UTF-8"?>
<testng-results ignored="0" total="5" passed="5" failed="0" skipped="0">
  <reporter-output>
  </reporter-output>
  <suite started-at="2022-02-14T11:41:45 IST" name="Suite" finished-at="2022-02-14T11:41:57 IST" duration-ms="11846">
    <groups>
    </groups>
    <test started-at="2022-02-14T11:41:45 IST" name="Test" finished-at="2022-02-14T11:41:57 IST" duration-ms="11846">
      <class name="TestCases">
        <test-method is-config="true" signature="launching()[pri:0, instance:TestCases@3ba987b8]" started-at="2022-02-14T11:41:45 IST" name="launching" finished-at="2022-02-14T11:41:56 IST" duration-ms="10730" status="PASS">
          <reporter-output>
          </reporter-output>
        </test-method> <!-- launching -->
        <test-method signature="edit()[pri:0, instance:TestCases@3ba987b8]" started-at="2022-02-14T11:41:56 IST" name="edit" finished-at="2022-02-14T11:41:57 IST" duration-ms="669" status="PASS">
          <reporter-output>
          </reporter-output>
        </test-method> <!-- edit -->
        <test-method signature="radio()[pri:0, instance:TestCases@3ba987b8]" started-at="2022-02-14T11:41:57 IST" name="radio" finished-at="2022-02-14T11:41:57 IST" depends-on-methods="TestCases.edit" duration-ms="61" status="PASS">
          <reporter-output>
          </reporter-output>
        </test-method> <!-- radio -->
        <test-method signature="checkbox()[pri:0, instance:TestCases@3ba987b8]" started-at="2022-02-14T11:41:57 IST" name="checkbox" finished-at="2022-02-14T11:41:57 IST" depends-on-methods="TestCases.radio" duration-ms="67" status="PASS">
          <reporter-output>
          </reporter-output>
        </test-method> <!-- checkbox -->
        <test-method signature="select()[pri:0, instance:TestCases@3ba987b8]" started-at="2022-02-14T11:41:57 IST" name="select" finished-at="2022-02-14T11:41:57 IST" depends-on-methods="TestCases.checkbox" duration-ms="109" status="PASS">
          <reporter-output>
          </reporter-output>
        </test-method> <!-- select -->
        <test-method signature="button()[pri:0, instance:TestCases@3ba987b8]" started-at="2022-02-14T11:41:57 IST" name="button" finished-at="2022-02-14T11:41:57 IST" depends-on-methods="TestCases.select" duration-ms="112" status="PASS">
          <reporter-output>
          </reporter-output>
        </test-method> <!-- button -->
      </class> <!-- TestCases -->
    </test> <!-- Test -->
  </suite> <!-- Suite -->
</testng-results>
