<?xml version="1.0" encoding="UTF-8"?>
<testng-results ignored="0" total="1" passed="1" failed="0" skipped="0">
  <reporter-output>
  </reporter-output>
  <suite started-at="2022-02-14T14:35:23Z" name="Default suite" finished-at="2022-02-14T14:35:39Z" duration-ms="16731">
    <groups>
    </groups>
    <test started-at="2022-02-14T14:35:23Z" name="Default test" finished-at="2022-02-14T14:35:39Z" duration-ms="16731">
      <class name="TestCase">
        <test-method is-config="true" signature="SetUp()[pri:0, instance:TestCase@41488b16]" started-at="2022-02-14T14:35:23Z" name="SetUp" finished-at="2022-02-14T14:35:30Z" duration-ms="6942" status="PASS">
          <reporter-output>
          </reporter-output>
        </test-method> <!-- SetUp -->
        <test-method signature="Test()[pri:0, instance:TestCase@41488b16]" started-at="2022-02-14T14:35:30Z" name="Test" finished-at="2022-02-14T14:35:39Z" duration-ms="9767" status="PASS">
          <reporter-output>
          </reporter-output>
        </test-method> <!-- Test -->
      </class> <!-- TestCase -->
    </test> <!-- Default test -->
  </suite> <!-- Default suite -->
</testng-results>
