<?xml version="1.0" encoding="UTF-8"?>
<!-- Generated by org.testng.reporters.JUnitXMLReporter -->
<testsuite ignored="0" hostname="inbl01lap5380" failures="0" tests="5" name="Default test" time="10.514" errors="0" timestamp="2022-02-14T07:09:03 IST">
  <testcase classname="TestCases" name="edit" time="0.237"/>
  <testcase classname="TestCases" name="radio" time="0.463"/>
  <testcase classname="TestCases" name="checkbox" time="0.063"/>
  <testcase classname="TestCases" name="select" time="0.101"/>
  <testcase classname="TestCases" name="button" time="0.153"/>
</testsuite> <!-- Default test -->
